# JRE version: OpenJDK Runtime Environment (17.0.11) (build 17.0.11+0--11852314)
# Java VM: OpenJDK 64-Bit Server VM (17.0.11+0--11852314, mixed mode, tiered, compressed oops, compressed class ptrs, g1 gc, windows-amd64)
GC Precious Log:
 CPUs: 12 total, 12 available
 Memory: 7916M
 Large Page Support: Disabled
 NUMA Support: Disabled
 Compressed Oops: Enabled (Zero based)
 Heap Region Size: 8M
 Heap Min Capacity: 8M
 Heap Initial Capacity: 128M
 Heap Max Capacity: 12G
 Pre-touch: Disabled
 Parallel Workers: 10
 Concurrent Workers: 3
 Concurrent Refinement Workers: 10
 Periodic GC: Disabled
Heap:
 garbage-first heap   total 417792K, used 289836K [0x0000000500000000, 0x0000000800000000)
  region size 8192K, 7 young (57344K), 1 survivors (8192K)
 Metaspace       used 118584K, committed 120064K, reserved 1179648K
  class space    used 16419K, committed 17088K, reserved 1048576K
GC Heap History (20 events):
Event: 47.175 GC heap before
{Heap before GC invocations=67 (full 0):
 garbage-first heap   total 417792K, used 308791K [0x0000000500000000, 0x0000000800000000)
  region size 8192K, 16 young (131072K), 3 survivors (24576K)
 Metaspace       used 117194K, committed 118528K, reserved 1179648K
  class space    used 16256K, committed 16832K, reserved 1048576K
}
Event: 47.186 GC heap after
{Heap after GC invocations=68 (full 0):
 garbage-first heap   total 417792K, used 222253K [0x0000000500000000, 0x0000000800000000)
  region size 8192K, 2 young (16384K), 2 survivors (16384K)
 Metaspace       used 117194K, committed 118528K, reserved 1179648K
  class space    used 16256K, committed 16832K, reserved 1048576K
}
Event: 47.485 GC heap before
{Heap before GC invocations=68 (full 0):
 garbage-first heap   total 417792K, used 312365K [0x0000000500000000, 0x0000000800000000)
  region size 8192K, 14 young (114688K), 2 survivors (16384K)
 Metaspace       used 117194K, committed 118528K, reserved 1179648K
  class space    used 16256K, committed 16832K, reserved 1048576K
}
Event: 47.490 GC heap after
{Heap after GC invocations=69 (full 0):
 garbage-first heap   total 417792K, used 225083K [0x0000000500000000, 0x0000000800000000)
  region size 8192K, 1 young (8192K), 1 survivors (8192K)
 Metaspace       used 117194K, committed 118528K, reserved 1179648K
  class space    used 16256K, committed 16832K, reserved 1048576K
}
Event: 48.549 GC heap before
{Heap before GC invocations=69 (full 0):
 garbage-first heap   total 417792K, used 323387K [0x0000000500000000, 0x0000000800000000)
  region size 8192K, 14 young (114688K), 1 survivors (8192K)
 Metaspace       used 117421K, committed 118784K, reserved 1179648K
  class space    used 16282K, committed 16896K, reserved 1048576K
}
Event: 48.554 GC heap after
{Heap after GC invocations=70 (full 0):
 garbage-first heap   total 417792K, used 230021K [0x0000000500000000, 0x0000000800000000)
  region size 8192K, 2 young (16384K), 2 survivors (16384K)
 Metaspace       used 117421K, committed 118784K, reserved 1179648K
  class space    used 16282K, committed 16896K, reserved 1048576K
}
Event: 51.839 GC heap before
{Heap before GC invocations=70 (full 0):
 garbage-first heap   total 417792K, used 320133K [0x0000000500000000, 0x0000000800000000)
  region size 8192K, 14 young (114688K), 2 survivors (16384K)
 Metaspace       used 117743K, committed 119168K, reserved 1179648K
  class space    used 16327K, committed 16960K, reserved 1048576K
}
Event: 51.847 GC heap after
{Heap after GC invocations=71 (full 0):
 garbage-first heap   total 417792K, used 241516K [0x0000000500000000, 0x0000000800000000)
  region size 8192K, 2 young (16384K), 2 survivors (16384K)
 Metaspace       used 117743K, committed 119168K, reserved 1179648K
  class space    used 16327K, committed 16960K, reserved 1048576K
}
Event: 53.083 GC heap before
{Heap before GC invocations=71 (full 0):
 garbage-first heap   total 417792K, used 323436K [0x0000000500000000, 0x0000000800000000)
  region size 8192K, 13 young (106496K), 2 survivors (16384K)
 Metaspace       used 117743K, committed 119168K, reserved 1179648K
  class space    used 16327K, committed 16960K, reserved 1048576K
}
Event: 53.090 GC heap after
{Heap after GC invocations=72 (full 0):
 garbage-first heap   total 417792K, used 245465K [0x0000000500000000, 0x0000000800000000)
  region size 8192K, 1 young (8192K), 1 survivors (8192K)
 Metaspace       used 117743K, committed 119168K, reserved 1179648K
  class space    used 16327K, committed 16960K, reserved 1048576K
}
Event: 57.189 GC heap before
{Heap before GC invocations=72 (full 0):
 garbage-first heap   total 417792K, used 319193K [0x0000000500000000, 0x0000000800000000)
  region size 8192K, 11 young (90112K), 1 survivors (8192K)
 Metaspace       used 118053K, committed 119488K, reserved 1179648K
  class space    used 16372K, committed 17024K, reserved 1048576K
}
Event: 57.195 GC heap after
{Heap after GC invocations=73 (full 0):
 garbage-first heap   total 417792K, used 249493K [0x0000000500000000, 0x0000000800000000)
  region size 8192K, 2 young (16384K), 2 survivors (16384K)
 Metaspace       used 118053K, committed 119488K, reserved 1179648K
  class space    used 16372K, committed 17024K, reserved 1048576K
}
Event: 64.026 GC heap before
{Heap before GC invocations=73 (full 0):
 garbage-first heap   total 417792K, used 331413K [0x0000000500000000, 0x0000000800000000)
  region size 8192K, 12 young (98304K), 2 survivors (16384K)
 Metaspace       used 118235K, committed 119680K, reserved 1179648K
  class space    used 16396K, committed 17024K, reserved 1048576K
}
Event: 64.031 GC heap after
{Heap after GC invocations=74 (full 0):
 garbage-first heap   total 417792K, used 254520K [0x0000000500000000, 0x0000000800000000)
  region size 8192K, 2 young (16384K), 2 survivors (16384K)
 Metaspace       used 118235K, committed 119680K, reserved 1179648K
  class space    used 16396K, committed 17024K, reserved 1048576K
}
Event: 65.025 GC heap before
{Heap before GC invocations=74 (full 0):
 garbage-first heap   total 417792K, used 328248K [0x0000000500000000, 0x0000000800000000)
  region size 8192K, 12 young (98304K), 2 survivors (16384K)
 Metaspace       used 118235K, committed 119680K, reserved 1179648K
  class space    used 16396K, committed 17024K, reserved 1048576K
}
Event: 65.029 GC heap after
{Heap after GC invocations=75 (full 0):
 garbage-first heap   total 417792K, used 256162K [0x0000000500000000, 0x0000000800000000)
  region size 8192K, 2 young (16384K), 2 survivors (16384K)
 Metaspace       used 118235K, committed 119680K, reserved 1179648K
  class space    used 16396K, committed 17024K, reserved 1048576K
}
Event: 68.305 GC heap before
{Heap before GC invocations=75 (full 0):
 garbage-first heap   total 417792K, used 321698K [0x0000000500000000, 0x0000000800000000)
  region size 8192K, 11 young (90112K), 2 survivors (16384K)
 Metaspace       used 118235K, committed 119680K, reserved 1179648K
  class space    used 16396K, committed 17024K, reserved 1048576K
}
Event: 68.308 GC heap after
{Heap after GC invocations=76 (full 0):
 garbage-first heap   total 417792K, used 257041K [0x0000000500000000, 0x0000000800000000)
  region size 8192K, 2 young (16384K), 2 survivors (16384K)
 Metaspace       used 118235K, committed 119680K, reserved 1179648K
  class space    used 16396K, committed 17024K, reserved 1048576K
}
Event: 5869.660 GC heap before
{Heap before GC invocations=76 (full 0):
 garbage-first heap   total 417792K, used 330769K [0x0000000500000000, 0x0000000800000000)
  region size 8192K, 11 young (90112K), 2 survivors (16384K)
 Metaspace       used 118270K, committed 119744K, reserved 1179648K
  class space    used 16396K, committed 17024K, reserved 1048576K
}
Event: 5869.664 GC heap after
{Heap after GC invocations=77 (full 0):
 garbage-first heap   total 417792K, used 257068K [0x0000000500000000, 0x0000000800000000)
  region size 8192K, 1 young (8192K), 1 survivors (8192K)
 Metaspace       used 118270K, committed 119744K, reserved 1179648K
  class space    used 16396K, committed 17024K, reserved 1048576K
}

