# JRE version: OpenJDK Runtime Environment (17.0.11) (build 17.0.11+0--11852314)
# Java VM: OpenJDK 64-Bit Server VM (17.0.11+0--11852314, mixed mode, tiered, compressed oops, compressed class ptrs, g1 gc, windows-amd64)
GC Precious Log:
 CPUs: 12 total, 12 available
 Memory: 7916M
 Large Page Support: Disabled
 NUMA Support: Disabled
 Compressed Oops: Enabled (Zero based)
 Heap Region Size: 8M
 Heap Min Capacity: 8M
 Heap Initial Capacity: 128M
 Heap Max Capacity: 12G
 Pre-touch: Disabled
 Parallel Workers: 10
 Concurrent Workers: 3
 Concurrent Refinement Workers: 10
 Periodic GC: Disabled
Heap:
 garbage-first heap   total 2162688K, used 840089K [0x0000000500000000, 0x0000000800000000)
  region size 8192K, 7 young (57344K), 7 survivors (57344K)
 Metaspace       used 240092K, committed 242688K, reserved 1310720K
  class space    used 32103K, committed 33280K, reserved 1048576K
GC Heap History (20 events):
Event: 182.896 GC heap after
{Heap after GC invocations=89 (full 0):
 garbage-first heap   total 2129920K, used 503581K [0x0000000500000000, 0x0000000800000000)
  region size 8192K, 1 young (8192K), 1 survivors (8192K)
 Metaspace       used 204296K, committed 206848K, reserved 1245184K
  class space    used 27052K, committed 28224K, reserved 1048576K
}
Event: 183.490 GC heap before
{Heap before GC invocations=89 (full 0):
 garbage-first heap   total 2129920K, used 626461K [0x0000000500000000, 0x0000000800000000)
  region size 8192K, 17 young (139264K), 1 survivors (8192K)
 Metaspace       used 204864K, committed 207424K, reserved 1245184K
  class space    used 27179K, committed 28352K, reserved 1048576K
}
Event: 183.509 GC heap after
{Heap after GC invocations=90 (full 0):
 garbage-first heap   total 2129920K, used 521778K [0x0000000500000000, 0x0000000800000000)
  region size 8192K, 3 young (24576K), 3 survivors (24576K)
 Metaspace       used 204864K, committed 207424K, reserved 1245184K
  class space    used 27179K, committed 28352K, reserved 1048576K
}
Event: 184.871 GC heap before
{Heap before GC invocations=90 (full 0):
 garbage-first heap   total 2129920K, used 759346K [0x0000000500000000, 0x0000000800000000)
  region size 8192K, 33 young (270336K), 3 survivors (24576K)
 Metaspace       used 213933K, committed 216448K, reserved 1245184K
  class space    used 28673K, committed 29824K, reserved 1048576K
}
Event: 184.910 GC heap after
{Heap after GC invocations=91 (full 0):
 garbage-first heap   total 2129920K, used 542102K [0x0000000500000000, 0x0000000800000000)
  region size 8192K, 3 young (24576K), 3 survivors (24576K)
 Metaspace       used 213933K, committed 216448K, reserved 1245184K
  class space    used 28673K, committed 29824K, reserved 1048576K
}
Event: 186.646 GC heap before
{Heap before GC invocations=91 (full 0):
 garbage-first heap   total 2129920K, used 1066390K [0x0000000500000000, 0x0000000800000000)
  region size 8192K, 66 young (540672K), 3 survivors (24576K)
 Metaspace       used 227003K, committed 229568K, reserved 1310720K
  class space    used 31024K, committed 32192K, reserved 1048576K
}
Event: 186.685 GC heap after
{Heap after GC invocations=92 (full 0):
 garbage-first heap   total 2129920K, used 594254K [0x0000000500000000, 0x0000000800000000)
  region size 8192K, 9 young (73728K), 9 survivors (73728K)
 Metaspace       used 227003K, committed 229568K, reserved 1310720K
  class space    used 31024K, committed 32192K, reserved 1048576K
}
Event: 188.229 GC heap before
{Heap before GC invocations=92 (full 0):
 garbage-first heap   total 2129920K, used 995662K [0x0000000500000000, 0x0000000800000000)
  region size 8192K, 58 young (475136K), 9 survivors (73728K)
 Metaspace       used 227545K, committed 230144K, reserved 1310720K
  class space    used 31080K, committed 32256K, reserved 1048576K
}
Event: 188.307 GC heap after
{Heap after GC invocations=93 (full 0):
 garbage-first heap   total 2129920K, used 611829K [0x0000000500000000, 0x0000000800000000)
  region size 8192K, 4 young (32768K), 4 survivors (32768K)
 Metaspace       used 227545K, committed 230144K, reserved 1310720K
  class space    used 31080K, committed 32256K, reserved 1048576K
}
Event: 190.192 GC heap before
{Heap before GC invocations=93 (full 0):
 garbage-first heap   total 2129920K, used 1521141K [0x0000000500000000, 0x0000000800000000)
  region size 8192K, 116 young (950272K), 4 survivors (32768K)
 Metaspace       used 229155K, committed 231744K, reserved 1310720K
  class space    used 31112K, committed 32256K, reserved 1048576K
}
Event: 190.206 GC heap after
{Heap after GC invocations=94 (full 0):
 garbage-first heap   total 2129920K, used 599342K [0x0000000500000000, 0x0000000800000000)
  region size 8192K, 2 young (16384K), 2 survivors (16384K)
 Metaspace       used 229155K, committed 231744K, reserved 1310720K
  class space    used 31112K, committed 32256K, reserved 1048576K
}
Event: 195.527 GC heap before
{Heap before GC invocations=94 (full 0):
 garbage-first heap   total 2129920K, used 1778990K [0x0000000500000000, 0x0000000800000000)
  region size 8192K, 147 young (1204224K), 2 survivors (16384K)
 Metaspace       used 232813K, committed 235328K, reserved 1310720K
  class space    used 31379K, committed 32512K, reserved 1048576K
}
Event: 195.575 GC heap after
{Heap after GC invocations=95 (full 0):
 garbage-first heap   total 2129920K, used 617544K [0x0000000500000000, 0x0000000800000000)
  region size 8192K, 5 young (40960K), 5 survivors (40960K)
 Metaspace       used 232813K, committed 235328K, reserved 1310720K
  class space    used 31379K, committed 32512K, reserved 1048576K
}
Event: 197.832 GC heap before
{Heap before GC invocations=95 (full 0):
 garbage-first heap   total 2129920K, used 1158216K [0x0000000500000000, 0x0000000800000000)
  region size 8192K, 57 young (466944K), 5 survivors (40960K)
 Metaspace       used 234192K, committed 236736K, reserved 1310720K
  class space    used 31482K, committed 32640K, reserved 1048576K
}
Event: 197.870 GC heap after
{Heap after GC invocations=96 (full 0):
 garbage-first heap   total 2129920K, used 761339K [0x0000000500000000, 0x0000000800000000)
  region size 8192K, 6 young (49152K), 6 survivors (49152K)
 Metaspace       used 234192K, committed 236736K, reserved 1310720K
  class space    used 31482K, committed 32640K, reserved 1048576K
}
Event: 216.271 GC heap before
{Heap before GC invocations=97 (full 0):
 garbage-first heap   total 2129920K, used 1924603K [0x0000000500000000, 0x0000000800000000)
  region size 8192K, 133 young (1089536K), 6 survivors (49152K)
 Metaspace       used 237012K, committed 239552K, reserved 1310720K
  class space    used 31882K, committed 33024K, reserved 1048576K
}
Event: 216.479 GC heap after
{Heap after GC invocations=98 (full 0):
 garbage-first heap   total 2162688K, used 805319K [0x0000000500000000, 0x0000000800000000)
  region size 8192K, 17 young (139264K), 17 survivors (139264K)
 Metaspace       used 237012K, committed 239552K, reserved 1310720K
  class space    used 31882K, committed 33024K, reserved 1048576K
}
Event: 216.517 GC heap before
{Heap before GC invocations=98 (full 0):
 garbage-first heap   total 2162688K, used 813511K [0x0000000500000000, 0x0000000800000000)
  region size 8192K, 18 young (147456K), 17 survivors (139264K)
 Metaspace       used 237012K, committed 239552K, reserved 1310720K
  class space    used 31882K, committed 33024K, reserved 1048576K
}
Event: 216.592 GC heap after
{Heap after GC invocations=99 (full 0):
 garbage-first heap   total 2162688K, used 796623K [0x0000000500000000, 0x0000000800000000)
  region size 8192K, 1 young (8192K), 1 survivors (8192K)
 Metaspace       used 237012K, committed 239552K, reserved 1310720K
  class space    used 31882K, committed 33024K, reserved 1048576K
}
Event: 231.111 GC heap before
{Heap before GC invocations=99 (full 0):
 garbage-first heap   total 2162688K, used 1738703K [0x0000000500000000, 0x0000000800000000)
  region size 8192K, 109 young (892928K), 1 survivors (8192K)
 Metaspace       used 240092K, committed 242688K, reserved 1310720K
  class space    used 32103K, committed 33280K, reserved 1048576K
}

